# JRE version: OpenJDK Runtime Environment (7.0_85-b01) (build 1.7.0_85-b01)
# Java VM: OpenJDK 64-Bit Server VM (24.85-b03 mixed mode linux-amd64 compressed oops)
Heap
 PSYoungGen      total 17920K, used 17655K [0x00000000faa80000, 0x00000000fbe00000, 0x0000000100000000)
  eden space 15872K, 98% used [0x00000000faa80000,0x00000000fb9c2ea8,0x00000000fba00000)
  from space 2048K, 99% used [0x00000000fbc00000,0x00000000fbdfb120,0x00000000fbe00000)
  to   space 2048K, 0% used [0x00000000fba00000,0x00000000fba00000,0x00000000fbc00000)
 ParOldGen       total 39424K, used 6958K [0x00000000f0000000, 0x00000000f2680000, 0x00000000faa80000)
  object space 39424K, 17% used [0x00000000f0000000,0x00000000f06cb848,0x00000000f2680000)
 PSPermGen       total 21504K, used 14976K [0x00000000e5a00000, 0x00000000e6f00000, 0x00000000f0000000)
  object space 21504K, 69% used [0x00000000e5a00000,0x00000000e68a00e8,0x00000000e6f00000)
GC Heap History (8 events):
Event: 2.857 GC heap before
{Heap before GC invocations=1 (full 0):
 PSYoungGen      total 17920K, used 15852K [0x00000000faa80000, 0x00000000fbe00000, 0x0000000100000000)
  eden space 15872K, 99% used [0x00000000faa80000,0x00000000fb9fb078,0x00000000fba00000)
  from space 2048K, 0% used [0x00000000fbc00000,0x00000000fbc00000,0x00000000fbe00000)
  to   space 2048K, 0% used [0x00000000fba00000,0x00000000fba00000,0x00000000fbc00000)
 ParOldGen       total 39424K, used 0K [0x00000000f0000000, 0x00000000f2680000, 0x00000000faa80000)
  object space 39424K, 0% used [0x00000000f0000000,0x00000000f0000000,0x00000000f2680000)
 PSPermGen       total 21504K, used 6734K [0x00000000e5a00000, 0x00000000e6f00000, 0x00000000f0000000)
  object space 21504K, 31% used [0x00000000e5a00000,0x00000000e6093940,0x00000000e6f00000)
Event: 2.861 GC heap after
Heap after GC invocations=1 (full 0):
 PSYoungGen      total 17920K, used 2033K [0x00000000faa80000, 0x00000000fbe00000, 0x0000000100000000)
  eden space 15872K, 0% used [0x00000000faa80000,0x00000000faa80000,0x00000000fba00000)
  from space 2048K, 99% used [0x00000000fba00000,0x00000000fbbfc540,0x00000000fbc00000)
  to   space 2048K, 0% used [0x00000000fbc00000,0x00000000fbc00000,0x00000000fbe00000)
 ParOldGen       total 39424K, used 1436K [0x00000000f0000000, 0x00000000f2680000, 0x00000000faa80000)
  object space 39424K, 3% used [0x00000000f0000000,0x00000000f01670e8,0x00000000f2680000)
 PSPermGen       total 21504K, used 6734K [0x00000000e5a00000, 0x00000000e6f00000, 0x00000000f0000000)
  object space 21504K, 31% used [0x00000000e5a00000,0x00000000e6093940,0x00000000e6f00000)
}
Event: 4.318 GC heap before
{Heap before GC invocations=2 (full 0):
 PSYoungGen      total 17920K, used 17905K [0x00000000faa80000, 0x00000000fbe00000, 0x0000000100000000)
  eden space 15872K, 100% used [0x00000000faa80000,0x00000000fba00000,0x00000000fba00000)
  from space 2048K, 99% used [0x00000000fba00000,0x00000000fbbfc540,0x00000000fbc00000)
  to   space 2048K, 0% used [0x00000000fbc00000,0x00000000fbc00000,0x00000000fbe00000)
 ParOldGen       total 39424K, used 1436K [0x00000000f0000000, 0x00000000f2680000, 0x00000000faa80000)
  object space 39424K, 3% used [0x00000000f0000000,0x00000000f01670e8,0x00000000f2680000)
 PSPermGen       total 21504K, used 11440K [0x00000000e5a00000, 0x00000000e6f00000, 0x00000000f0000000)
  object space 21504K, 53% used [0x00000000e5a00000,0x00000000e652c0d0,0x00000000e6f00000)
Event: 4.326 GC heap after
Heap after GC invocations=2 (full 0):
 PSYoungGen      total 17920K, used 2037K [0x00000000faa80000, 0x00000000fbe00000, 0x0000000100000000)
  eden space 15872K, 0% used [0x00000000faa80000,0x00000000faa80000,0x00000000fba00000)
  from space 2048K, 99% used [0x00000000fbc00000,0x00000000fbdfd628,0x00000000fbe00000)
  to   space 2048K, 0% used [0x00000000fba00000,0x00000000fba00000,0x00000000fbc00000)
 ParOldGen       total 39424K, used 3815K [0x00000000f0000000, 0x00000000f2680000, 0x00000000faa80000)
  object space 39424K, 9% used [0x00000000f0000000,0x00000000f03b9e48,0x00000000f2680000)
 PSPermGen       total 21504K, used 11440K [0x00000000e5a00000, 0x00000000e6f00000, 0x00000000f0000000)
  object space 21504K, 53% used [0x00000000e5a00000,0x00000000e652c0d0,0x00000000e6f00000)
}
Event: 5.259 GC heap before
{Heap before GC invocations=3 (full 0):
 PSYoungGen      total 17920K, used 17869K [0x00000000faa80000, 0x00000000fbe00000, 0x0000000100000000)
  eden space 15872K, 99% used [0x00000000faa80000,0x00000000fb9f60c0,0x00000000fba00000)
  from space 2048K, 99% used [0x00000000fbc00000,0x00000000fbdfd628,0x00000000fbe00000)
  to   space 2048K, 0% used [0x00000000fba00000,0x00000000fba00000,0x00000000fbc00000)
 ParOldGen       total 39424K, used 3815K [0x00000000f0000000, 0x00000000f2680000, 0x00000000faa80000)
  object space 39424K, 9% used [0x00000000f0000000,0x00000000f03b9e48,0x00000000f2680000)
 PSPermGen       total 21504K, used 12306K [0x00000000e5a00000, 0x00000000e6f00000, 0x00000000f0000000)
  object space 21504K, 57% used [0x00000000e5a00000,0x00000000e6604b78,0x00000000e6f00000)
Event: 5.265 GC heap after
Heap after GC invocations=3 (full 0):
 PSYoungGen      total 17920K, used 2028K [0x00000000faa80000, 0x00000000fbe00000, 0x0000000100000000)
  eden space 15872K, 0% used [0x00000000faa80000,0x00000000faa80000,0x00000000fba00000)
  from space 2048K, 99% used [0x00000000fba00000,0x00000000fbbfb378,0x00000000fbc00000)
  to   space 2048K, 0% used [0x00000000fbc00000,0x00000000fbc00000,0x00000000fbe00000)
 ParOldGen       total 39424K, used 5113K [0x00000000f0000000, 0x00000000f2680000, 0x00000000faa80000)
  object space 39424K, 12% used [0x00000000f0000000,0x00000000f04fe590,0x00000000f2680000)
 PSPermGen       total 21504K, used 12306K [0x00000000e5a00000, 0x00000000e6f00000, 0x00000000f0000000)
  object space 21504K, 57% used [0x00000000e5a00000,0x00000000e6604b78,0x00000000e6f00000)
}
Event: 10.955 GC heap before
{Heap before GC invocations=4 (full 0):
 PSYoungGen      total 17920K, used 17900K [0x00000000faa80000, 0x00000000fbe00000, 0x0000000100000000)
  eden space 15872K, 100% used [0x00000000faa80000,0x00000000fba00000,0x00000000fba00000)
  from space 2048K, 99% used [0x00000000fba00000,0x00000000fbbfb378,0x00000000fbc00000)
  to   space 2048K, 0% used [0x00000000fbc00000,0x00000000fbc00000,0x00000000fbe00000)
 ParOldGen       total 39424K, used 5113K [0x00000000f0000000, 0x00000000f2680000, 0x00000000faa80000)
  object space 39424K, 12% used [0x00000000f0000000,0x00000000f04fe590,0x00000000f2680000)
 PSPermGen       total 21504K, used 14442K [0x00000000e5a00000, 0x00000000e6f00000, 0x00000000f0000000)
  object space 21504K, 67% used [0x00000000e5a00000,0x00000000e681aa98,0x00000000e6f00000)
Event: 10.960 GC heap after
Heap after GC invocations=4 (full 0):
 PSYoungGen      total 17920K, used 2028K [0x00000000faa80000, 0x00000000fbe00000, 0x0000000100000000)
  eden space 15872K, 0% used [0x00000000faa80000,0x00000000faa80000,0x00000000fba00000)
  from space 2048K, 99% used [0x00000000fbc00000,0x00000000fbdfb120,0x00000000fbe00000)
  to   space 2048K, 0% used [0x00000000fba00000,0x00000000fba00000,0x00000000fbc00000)
 ParOldGen       total 39424K, used 6958K [0x00000000f0000000, 0x00000000f2680000, 0x00000000faa80000)
  object space 39424K, 17% used [0x00000000f0000000,0x00000000f06cb848,0x00000000f2680000)
 PSPermGen       total 21504K, used 14442K [0x00000000e5a00000, 0x00000000e6f00000, 0x00000000f0000000)
  object space 21504K, 67% used [0x00000000e5a00000,0x00000000e681aa98,0x00000000e6f00000)
}

