# JRE version: OpenJDK Runtime Environment (7.0_91-b02) (build 1.7.0_91-b02)
# Java VM: OpenJDK 64-Bit Server VM (24.91-b01 mixed mode linux-amd64 compressed oops)
Heap
 PSYoungGen      total 17920K, used 9180K [0x00000000faa80000, 0x00000000fc400000, 0x0000000100000000)
  eden space 15872K, 45% used [0x00000000faa80000,0x00000000fb17a400,0x00000000fba00000)
  from space 2048K, 99% used [0x00000000fba00000,0x00000000fbbfcd20,0x00000000fbc00000)
  to   space 5120K, 0% used [0x00000000fbf00000,0x00000000fbf00000,0x00000000fc400000)
 ParOldGen       total 39424K, used 8746K [0x00000000f0000000, 0x00000000f2680000, 0x00000000faa80000)
  object space 39424K, 22% used [0x00000000f0000000,0x00000000f088a850,0x00000000f2680000)
 PSPermGen       total 21504K, used 16365K [0x00000000e5a00000, 0x00000000e6f00000, 0x00000000f0000000)
  object space 21504K, 76% used [0x00000000e5a00000,0x00000000e69fb420,0x00000000e6f00000)
GC Heap History (10 events):
Event: 3.241 GC heap before
{Heap before GC invocations=1 (full 0):
 PSYoungGen      total 17920K, used 15860K [0x00000000faa80000, 0x00000000fbe00000, 0x0000000100000000)
  eden space 15872K, 99% used [0x00000000faa80000,0x00000000fb9fd0f8,0x00000000fba00000)
  from space 2048K, 0% used [0x00000000fbc00000,0x00000000fbc00000,0x00000000fbe00000)
  to   space 2048K, 0% used [0x00000000fba00000,0x00000000fba00000,0x00000000fbc00000)
 ParOldGen       total 39424K, used 0K [0x00000000f0000000, 0x00000000f2680000, 0x00000000faa80000)
  object space 39424K, 0% used [0x00000000f0000000,0x00000000f0000000,0x00000000f2680000)
 PSPermGen       total 21504K, used 6741K [0x00000000e5a00000, 0x00000000e6f00000, 0x00000000f0000000)
  object space 21504K, 31% used [0x00000000e5a00000,0x00000000e6095758,0x00000000e6f00000)
Event: 3.245 GC heap after
Heap after GC invocations=1 (full 0):
 PSYoungGen      total 17920K, used 2016K [0x00000000faa80000, 0x00000000fbe00000, 0x0000000100000000)
  eden space 15872K, 0% used [0x00000000faa80000,0x00000000faa80000,0x00000000fba00000)
  from space 2048K, 98% used [0x00000000fba00000,0x00000000fbbf8350,0x00000000fbc00000)
  to   space 2048K, 0% used [0x00000000fbc00000,0x00000000fbc00000,0x00000000fbe00000)
 ParOldGen       total 39424K, used 1431K [0x00000000f0000000, 0x00000000f2680000, 0x00000000faa80000)
  object space 39424K, 3% used [0x00000000f0000000,0x00000000f0165f58,0x00000000f2680000)
 PSPermGen       total 21504K, used 6741K [0x00000000e5a00000, 0x00000000e6f00000, 0x00000000f0000000)
  object space 21504K, 31% used [0x00000000e5a00000,0x00000000e6095758,0x00000000e6f00000)
}
Event: 4.889 GC heap before
{Heap before GC invocations=2 (full 0):
 PSYoungGen      total 17920K, used 17888K [0x00000000faa80000, 0x00000000fbe00000, 0x0000000100000000)
  eden space 15872K, 100% used [0x00000000faa80000,0x00000000fba00000,0x00000000fba00000)
  from space 2048K, 98% used [0x00000000fba00000,0x00000000fbbf8350,0x00000000fbc00000)
  to   space 2048K, 0% used [0x00000000fbc00000,0x00000000fbc00000,0x00000000fbe00000)
 ParOldGen       total 39424K, used 1431K [0x00000000f0000000, 0x00000000f2680000, 0x00000000faa80000)
  object space 39424K, 3% used [0x00000000f0000000,0x00000000f0165f58,0x00000000f2680000)
 PSPermGen       total 21504K, used 11441K [0x00000000e5a00000, 0x00000000e6f00000, 0x00000000f0000000)
  object space 21504K, 53% used [0x00000000e5a00000,0x00000000e652c7b0,0x00000000e6f00000)
Event: 4.896 GC heap after
Heap after GC invocations=2 (full 0):
 PSYoungGen      total 17920K, used 2024K [0x00000000faa80000, 0x00000000fbe00000, 0x0000000100000000)
  eden space 15872K, 0% used [0x00000000faa80000,0x00000000faa80000,0x00000000fba00000)
  from space 2048K, 98% used [0x00000000fbc00000,0x00000000fbdfa090,0x00000000fbe00000)
  to   space 2048K, 0% used [0x00000000fba00000,0x00000000fba00000,0x00000000fbc00000)
 ParOldGen       total 39424K, used 3785K [0x00000000f0000000, 0x00000000f2680000, 0x00000000faa80000)
  object space 39424K, 9% used [0x00000000f0000000,0x00000000f03b26b8,0x00000000f2680000)
 PSPermGen       total 21504K, used 11441K [0x00000000e5a00000, 0x00000000e6f00000, 0x00000000f0000000)
  object space 21504K, 53% used [0x00000000e5a00000,0x00000000e652c7b0,0x00000000e6f00000)
}
Event: 5.648 GC heap before
{Heap before GC invocations=3 (full 0):
 PSYoungGen      total 17920K, used 17896K [0x00000000faa80000, 0x00000000fbe00000, 0x0000000100000000)
  eden space 15872K, 100% used [0x00000000faa80000,0x00000000fba00000,0x00000000fba00000)
  from space 2048K, 98% used [0x00000000fbc00000,0x00000000fbdfa090,0x00000000fbe00000)
  to   space 2048K, 0% used [0x00000000fba00000,0x00000000fba00000,0x00000000fbc00000)
 ParOldGen       total 39424K, used 3785K [0x00000000f0000000, 0x00000000f2680000, 0x00000000faa80000)
  object space 39424K, 9% used [0x00000000f0000000,0x00000000f03b26b8,0x00000000f2680000)
 PSPermGen       total 21504K, used 12031K [0x00000000e5a00000, 0x00000000e6f00000, 0x00000000f0000000)
  object space 21504K, 55% used [0x00000000e5a00000,0x00000000e65bfe78,0x00000000e6f00000)
Event: 5.651 GC heap after
Heap after GC invocations=3 (full 0):
 PSYoungGen      total 17920K, used 2019K [0x00000000faa80000, 0x00000000fbe00000, 0x0000000100000000)
  eden space 15872K, 0% used [0x00000000faa80000,0x00000000faa80000,0x00000000fba00000)
  from space 2048K, 98% used [0x00000000fba00000,0x00000000fbbf8d40,0x00000000fbc00000)
  to   space 2048K, 0% used [0x00000000fbc00000,0x00000000fbc00000,0x00000000fbe00000)
 ParOldGen       total 39424K, used 4732K [0x00000000f0000000, 0x00000000f2680000, 0x00000000faa80000)
  object space 39424K, 12% used [0x00000000f0000000,0x00000000f049f250,0x00000000f2680000)
 PSPermGen       total 21504K, used 12031K [0x00000000e5a00000, 0x00000000e6f00000, 0x00000000f0000000)
  object space 21504K, 55% used [0x00000000e5a00000,0x00000000e65bfe78,0x00000000e6f00000)
}
Event: 6.411 GC heap before
{Heap before GC invocations=4 (full 0):
 PSYoungGen      total 17920K, used 17891K [0x00000000faa80000, 0x00000000fbe00000, 0x0000000100000000)
  eden space 15872K, 100% used [0x00000000faa80000,0x00000000fba00000,0x00000000fba00000)
  from space 2048K, 98% used [0x00000000fba00000,0x00000000fbbf8d40,0x00000000fbc00000)
  to   space 2048K, 0% used [0x00000000fbc00000,0x00000000fbc00000,0x00000000fbe00000)
 ParOldGen       total 39424K, used 4732K [0x00000000f0000000, 0x00000000f2680000, 0x00000000faa80000)
  object space 39424K, 12% used [0x00000000f0000000,0x00000000f049f250,0x00000000f2680000)
 PSPermGen       total 21504K, used 13955K [0x00000000e5a00000, 0x00000000e6f00000, 0x00000000f0000000)
  object space 21504K, 64% used [0x00000000e5a00000,0x00000000e67a0ee8,0x00000000e6f00000)
Event: 6.415 GC heap after
Heap after GC invocations=4 (full 0):
 PSYoungGen      total 17920K, used 2035K [0x00000000faa80000, 0x00000000fbe00000, 0x0000000100000000)
  eden space 15872K, 0% used [0x00000000faa80000,0x00000000faa80000,0x00000000fba00000)
  from space 2048K, 99% used [0x00000000fbc00000,0x00000000fbdfcf00,0x00000000fbe00000)
  to   space 2048K, 0% used [0x00000000fba00000,0x00000000fba00000,0x00000000fbc00000)
 ParOldGen       total 39424K, used 6650K [0x00000000f0000000, 0x00000000f2680000, 0x00000000faa80000)
  object space 39424K, 16% used [0x00000000f0000000,0x00000000f067ebc8,0x00000000f2680000)
 PSPermGen       total 21504K, used 13955K [0x00000000e5a00000, 0x00000000e6f00000, 0x00000000f0000000)
  object space 21504K, 64% used [0x00000000e5a00000,0x00000000e67a0ee8,0x00000000e6f00000)
}
Event: 11.103 GC heap before
{Heap before GC invocations=5 (full 0):
 PSYoungGen      total 17920K, used 17907K [0x00000000faa80000, 0x00000000fbe00000, 0x0000000100000000)
  eden space 15872K, 100% used [0x00000000faa80000,0x00000000fba00000,0x00000000fba00000)
  from space 2048K, 99% used [0x00000000fbc00000,0x00000000fbdfcf00,0x00000000fbe00000)
  to   space 2048K, 0% used [0x00000000fba00000,0x00000000fba00000,0x00000000fbc00000)
 ParOldGen       total 39424K, used 6650K [0x00000000f0000000, 0x00000000f2680000, 0x00000000faa80000)
  object space 39424K, 16% used [0x00000000f0000000,0x00000000f067ebc8,0x00000000f2680000)
 PSPermGen       total 21504K, used 14767K [0x00000000e5a00000, 0x00000000e6f00000, 0x00000000f0000000)
  object space 21504K, 68% used [0x00000000e5a00000,0x00000000e686bf00,0x00000000e6f00000)
Event: 11.117 GC heap after
Heap after GC invocations=5 (full 0):
 PSYoungGen      total 17920K, used 2035K [0x00000000faa80000, 0x00000000fc400000, 0x0000000100000000)
  eden space 15872K, 0% used [0x00000000faa80000,0x00000000faa80000,0x00000000fba00000)
  from space 2048K, 99% used [0x00000000fba00000,0x00000000fbbfcd20,0x00000000fbc00000)
  to   space 5120K, 0% used [0x00000000fbf00000,0x00000000fbf00000,0x00000000fc400000)
 ParOldGen       total 39424K, used 8746K [0x00000000f0000000, 0x00000000f2680000, 0x00000000faa80000)
  object space 39424K, 22% used [0x00000000f0000000,0x00000000f088a850,0x00000000f2680000)
 PSPermGen       total 21504K, used 14767K [0x00000000e5a00000, 0x00000000e6f00000, 0x00000000f0000000)
  object space 21504K, 68% used [0x00000000e5a00000,0x00000000e686bf00,0x00000000e6f00000)
}

